C:\USERS\VALERIE\DESKTOP\AI DEMO\DEBUG\AUDIO.OBJ
C:\USERS\VALERIE\DESKTOP\AI DEMO\DEBUG\BOX.OBJ
C:\USERS\VALERIE\DESKTOP\AI DEMO\DEBUG\CHARACTER.OBJ
C:\USERS\VALERIE\DESKTOP\AI DEMO\DEBUG\CONSOLE.OBJ
C:\USERS\VALERIE\DESKTOP\AI DEMO\DEBUG\DASHBOARD.OBJ
C:\USERS\VALERIE\DESKTOP\AI DEMO\DEBUG\ENTITY.OBJ
C:\USERS\VALERIE\DESKTOP\AI DEMO\DEBUG\FLOWERPOWER.OBJ
C:\USERS\VALERIE\DESKTOP\AI DEMO\DEBUG\GAME.OBJ
C:\USERS\VALERIE\DESKTOP\AI DEMO\DEBUG\GRAPHICS.OBJ
C:\USERS\VALERIE\DESKTOP\AI DEMO\DEBUG\INPUTDIALOG.OBJ
C:\USERS\VALERIE\DESKTOP\AI DEMO\DEBUG\MESSAGEDIALOG.OBJ
C:\USERS\VALERIE\DESKTOP\AI DEMO\DEBUG\TEXTUREMANAGER.OBJ
C:\USERS\VALERIE\DESKTOP\AI DEMO\DEBUG\INPUT.OBJ
C:\USERS\VALERIE\DESKTOP\AI DEMO\DEBUG\IMAGE.OBJ
C:\USERS\VALERIE\DESKTOP\AI DEMO\DEBUG\TEXTDX.OBJ
C:\USERS\VALERIE\DESKTOP\AI DEMO\DEBUG\WINMAIN.OBJ
C:\USERS\VALERIE\DESKTOP\AI DEMO\DEBUG\VC110.PDB
C:\USERS\VALERIE\DESKTOP\AI DEMO\DEBUG\FLOWERPOWER.RES
C:\Users\Valerie\Desktop\AI Demo\Debug\audio.obj
C:\Users\Valerie\Desktop\AI Demo\Debug\box.obj
C:\Users\Valerie\Desktop\AI Demo\Debug\character.obj
C:\Users\Valerie\Desktop\AI Demo\Debug\console.obj
C:\Users\Valerie\Desktop\AI Demo\Debug\dashboard.obj
C:\Users\Valerie\Desktop\AI Demo\Debug\entity.obj
C:\Users\Valerie\Desktop\AI Demo\Debug\flowerPower.obj
C:\Users\Valerie\Desktop\AI Demo\Debug\game.obj
C:\Users\Valerie\Desktop\AI Demo\Debug\graphics.obj
C:\Users\Valerie\Desktop\AI Demo\Debug\image.obj
C:\Users\Valerie\Desktop\AI Demo\Debug\input.obj
C:\Users\Valerie\Desktop\AI Demo\Debug\inputDialog.obj
C:\Users\Valerie\Desktop\AI Demo\Debug\messageDialog.obj
C:\Users\Valerie\Desktop\AI Demo\Debug\textDX.obj
C:\Users\Valerie\Desktop\AI Demo\Debug\textureManager.obj
C:\Users\Valerie\Desktop\AI Demo\Debug\winmain.obj
C:\Users\Valerie\Desktop\AI Demo\Debug\AIDemo.ilk
C:\Users\Valerie\Desktop\AI Demo\Debug\cl.command.1.tlog
C:\Users\Valerie\Desktop\AI Demo\Debug\CL.read.1.tlog
C:\Users\Valerie\Desktop\AI Demo\Debug\CL.write.1.tlog
C:\Users\Valerie\Desktop\AI Demo\Debug\link-cvtres.read.1.tlog
C:\Users\Valerie\Desktop\AI Demo\Debug\link-cvtres.write.1.tlog
C:\Users\Valerie\Desktop\AI Demo\Debug\link-rc.read.1.tlog
C:\Users\Valerie\Desktop\AI Demo\Debug\link-rc.write.1.tlog
C:\Users\Valerie\Desktop\AI Demo\Debug\link.10532-cvtres.read.1.tlog
C:\Users\Valerie\Desktop\AI Demo\Debug\link.10532-cvtres.write.1.tlog
C:\Users\Valerie\Desktop\AI Demo\Debug\link.10532-rc.read.1.tlog
C:\Users\Valerie\Desktop\AI Demo\Debug\link.10532-rc.write.1.tlog
C:\Users\Valerie\Desktop\AI Demo\Debug\link.10532.read.1.tlog
C:\Users\Valerie\Desktop\AI Demo\Debug\link.10532.write.1.tlog
C:\Users\Valerie\Desktop\AI Demo\Debug\link.command.1.tlog
C:\Users\Valerie\Desktop\AI Demo\Debug\link.read.1.tlog
C:\Users\Valerie\Desktop\AI Demo\Debug\link.write.1.tlog
C:\Users\Valerie\Desktop\AI Demo\Debug\rc.command.1.tlog
C:\Users\Valerie\Desktop\AI Demo\Debug\rc.read.1.tlog
C:\Users\Valerie\Desktop\AI Demo\Debug\rc.write.1.tlog
C:\Users\Valerie\Desktop\AI Demo\Debug\flowerPower.res
C:\Users\Valerie\Desktop\AI Demo\Debug\vc110.idb
C:\Users\Valerie\Desktop\AI Demo\Debug\AIDemo.pdb
C:\Users\Valerie\Desktop\AI Demo\Debug\vc110.pdb
