Build started 3/2/2016 6:14:19 PM.
     1>Project "C:\Users\Valerie\Desktop\AI Demo\flowerPower.vcxproj" on node 2 (Build target(s)).
     1>ClCompile:
         C:\Program Files (x86)\Microsoft Visual Studio 11.0\VC\bin\CL.exe /c /I"C:\Program Files (x86)\Microsoft DirectX SDK (June 2010)\\Include" /ZI /nologo /W3 /WX- /Od /Oy- /D _MBCS /Gm /EHsc /RTC1 /MDd /GS /fp:precise /Zc:wchar_t /Zc:forScope /Fo"Debug\\" /Fd"Debug\vc110.pdb" /Gd /TP /analyze- /errorReport:prompt box.cpp character.cpp console.cpp dashboard.cpp entity.cpp flowerPower.cpp game.cpp graphics.cpp image.cpp input.cpp inputDialog.cpp messageDialog.cpp textDX.cpp textureManager.cpp winmain.cpp
         box.cpp
         Generating Code...
         Compiling...
         winmain.cpp
         textureManager.cpp
         textDX.cpp
         messageDialog.cpp
         inputDialog.cpp
         input.cpp
         image.cpp
         graphics.cpp
         game.cpp
         flowerPower.cpp
         entity.cpp
         dashboard.cpp
         console.cpp
         character.cpp
         Generating Code...
       Link:
         C:\Program Files (x86)\Microsoft Visual Studio 11.0\VC\bin\link.exe /ERRORREPORT:PROMPT /OUT:"C:\Users\Valerie\Desktop\AI Demo\Debug\AIDemo.exe" /NOLOGO /LIBPATH:"C:\Program Files (x86)\Microsoft DirectX SDK (June 2010)\\Lib\x86" d3d9.lib d3dx9.lib winmm.lib xinput.lib kernel32.lib user32.lib gdi32.lib winspool.lib comdlg32.lib advapi32.lib shell32.lib ole32.lib oleaut32.lib uuid.lib odbc32.lib odbccp32.lib /MANIFEST /MANIFESTUAC:"level='asInvoker' uiAccess='false'" /manifest:embed /DEBUG /PDB:"C:\Users\Valerie\Desktop\AI Demo\Debug\AIDemo.pdb" /TLBID:1 /DYNAMICBASE /NXCOMPAT /IMPLIB:"C:\Users\Valerie\Desktop\AI Demo\Debug\AIDemo.lib" /MACHINE:X86 /SAFESEH Debug\flowerPower.res
         Debug\box.obj
         Debug\character.obj
         Debug\console.obj
         Debug\dashboard.obj
         Debug\entity.obj
         Debug\flowerPower.obj
         Debug\game.obj
         Debug\graphics.obj
         Debug\inputDialog.obj
         Debug\messageDialog.obj
         Debug\textureManager.obj
         Debug\input.obj
         Debug\image.obj
         Debug\textDX.obj
         Debug\winmain.obj
         flowerPower.vcxproj -> C:\Users\Valerie\Desktop\AI Demo\Debug\AIDemo.exe
     1>Done Building Project "C:\Users\Valerie\Desktop\AI Demo\flowerPower.vcxproj" (Build target(s)).

Build succeeded.

Time Elapsed 00:00:09.26
